<?xml version="1.0" encoding="UTF-8"?>
<!-- Generated by org.testng.reporters.JUnitReportReporter -->
<testsuite hostname="LAPTOP-KFM2KDI1" failures="0" tests="1" name="Test.SignInTest" time="4.906" errors="0" timestamp="2024-05-30T16:57:35 IST" skipped="0">
  <testcase classname="Test.SignInTest" name="signInTest" time="4.906"/>
  <system-out/>
</testsuite> <!-- Test.SignInTest -->
