<?xml version="1.0" encoding="UTF-8"?>
<!-- Generated by org.testng.reporters.JUnitReportReporter -->
<testsuite hostname="LAPTOP-KFM2KDI1" failures="0" tests="1" name="Test.PasswordValidationTest" time="2.463" errors="0" timestamp="2024-05-30T12:24:35 IST" skipped="0">
  <testcase classname="Test.PasswordValidationTest" name="passwordValidationChecck" time="2.463"/>
  <system-out/>
</testsuite> <!-- Test.PasswordValidationTest -->
