<?xml version="1.0" encoding="UTF-8"?>
<!-- Generated by org.testng.reporters.JUnitReportReporter -->
<testsuite hostname="LAPTOP-KFM2KDI1" failures="0" tests="2" name="Test.SearchTest" time="4.626" errors="0" timestamp="2024-05-30T16:57:35 IST" skipped="0">
  <testcase classname="Test.SearchTest" name="asearchTest" time="2.160"/>
  <system-out/>
  <testcase classname="Test.SearchTest" name="asearchTest" time="2.466"/>
  <system-out/>
</testsuite> <!-- Test.SearchTest -->
