<?xml version="1.0" encoding="UTF-8"?>
<!-- Generated by org.testng.reporters.JUnitReportReporter -->
<testsuite hostname="LAPTOP-KFM2KDI1" failures="0" tests="1" name="Test.SearchTest" time="0.470" errors="0" timestamp="2024-05-30T09:53:05 IST" skipped="0">
  <testcase classname="Test.SearchTest" name="asearchTest" time="0.470"/>
  <system-out/>
</testsuite> <!-- Test.SearchTest -->
